Determining if the pthread_create exist failed with the following output:
Change Dir: /home/alfredo/Desktop/PROJECTS/DistributedRoboticsSystems_exercises/build/dynamic_tutorials/CMakeFiles/CMakeTmp

Run Build Command:"/usr/bin/make" "cmTC_f3937/fast"
/usr/bin/make -f CMakeFiles/cmTC_f3937.dir/build.make CMakeFiles/cmTC_f3937.dir/build
make[1]: Entering directory '/home/alfredo/Desktop/PROJECTS/DistributedRoboticsSystems_exercises/build/dynamic_tutorials/CMakeFiles/CMakeTmp'
Building C object CMakeFiles/cmTC_f3937.dir/CheckSymbolExists.c.o
/usr/bin/cc    -o CMakeFiles/cmTC_f3937.dir/CheckSymbolExists.c.o   -c /home/alfredo/Desktop/PROJECTS/DistributedRoboticsSystems_exercises/build/dynamic_tutorials/CMakeFiles/CMakeTmp/CheckSymbolExists.c
Linking C executable cmTC_f3937
/usr/bin/cmake -E cmake_link_script CMakeFiles/cmTC_f3937.dir/link.txt --verbose=1
/usr/bin/cc      -rdynamic CMakeFiles/cmTC_f3937.dir/CheckSymbolExists.c.o  -o cmTC_f3937 
CMakeFiles/cmTC_f3937.dir/CheckSymbolExists.c.o: In function `main':
CheckSymbolExists.c:(.text+0x1b): undefined reference to `pthread_create'
collect2: error: ld returned 1 exit status
CMakeFiles/cmTC_f3937.dir/build.make:97: recipe for target 'cmTC_f3937' failed
make[1]: *** [cmTC_f3937] Error 1
make[1]: Leaving directory '/home/alfredo/Desktop/PROJECTS/DistributedRoboticsSystems_exercises/build/dynamic_tutorials/CMakeFiles/CMakeTmp'
Makefile:126: recipe for target 'cmTC_f3937/fast' failed
make: *** [cmTC_f3937/fast] Error 2

File /home/alfredo/Desktop/PROJECTS/DistributedRoboticsSystems_exercises/build/dynamic_tutorials/CMakeFiles/CMakeTmp/CheckSymbolExists.c:
/* */
#include <pthread.h>

int main(int argc, char** argv)
{
  (void)argv;
#ifndef pthread_create
  return ((int*)(&pthread_create))[argc];
#else
  (void)argc;
  return 0;
#endif
}

Determining if the function pthread_create exists in the pthreads failed with the following output:
Change Dir: /home/alfredo/Desktop/PROJECTS/DistributedRoboticsSystems_exercises/build/dynamic_tutorials/CMakeFiles/CMakeTmp

Run Build Command:"/usr/bin/make" "cmTC_be8de/fast"
/usr/bin/make -f CMakeFiles/cmTC_be8de.dir/build.make CMakeFiles/cmTC_be8de.dir/build
make[1]: Entering directory '/home/alfredo/Desktop/PROJECTS/DistributedRoboticsSystems_exercises/build/dynamic_tutorials/CMakeFiles/CMakeTmp'
Building C object CMakeFiles/cmTC_be8de.dir/CheckFunctionExists.c.o
/usr/bin/cc   -DCHECK_FUNCTION_EXISTS=pthread_create   -o CMakeFiles/cmTC_be8de.dir/CheckFunctionExists.c.o   -c /usr/share/cmake-3.10/Modules/CheckFunctionExists.c
Linking C executable cmTC_be8de
/usr/bin/cmake -E cmake_link_script CMakeFiles/cmTC_be8de.dir/link.txt --verbose=1
/usr/bin/cc  -DCHECK_FUNCTION_EXISTS=pthread_create    -rdynamic CMakeFiles/cmTC_be8de.dir/CheckFunctionExists.c.o  -o cmTC_be8de -lpthreads 
/usr/bin/ld: cannot find -lpthreads
collect2: error: ld returned 1 exit status
CMakeFiles/cmTC_be8de.dir/build.make:97: recipe for target 'cmTC_be8de' failed
make[1]: *** [cmTC_be8de] Error 1
make[1]: Leaving directory '/home/alfredo/Desktop/PROJECTS/DistributedRoboticsSystems_exercises/build/dynamic_tutorials/CMakeFiles/CMakeTmp'
Makefile:126: recipe for target 'cmTC_be8de/fast' failed
make: *** [cmTC_be8de/fast] Error 2


