Symlinking /home/alfredo/Desktop/PROJECTS/DistributedRoboticsSystems_exercises/devel/include/dynamic_tutorials/Vel.h
Symlinking /home/alfredo/Desktop/PROJECTS/DistributedRoboticsSystems_exercises/devel/include/dynamic_tutorials/TutorialsConfig.h
Symlinking /home/alfredo/Desktop/PROJECTS/DistributedRoboticsSystems_exercises/devel/lib/pkgconfig/dynamic_tutorials.pc
Symlinking /home/alfredo/Desktop/PROJECTS/DistributedRoboticsSystems_exercises/devel/lib/python2.7/dist-packages/dynamic_tutorials/__init__.py
Symlinking /home/alfredo/Desktop/PROJECTS/DistributedRoboticsSystems_exercises/devel/lib/python2.7/dist-packages/dynamic_tutorials/cfg/TutorialsConfig.py
Symlinking /home/alfredo/Desktop/PROJECTS/DistributedRoboticsSystems_exercises/devel/lib/python2.7/dist-packages/dynamic_tutorials/cfg/__init__.py
Symlinking /home/alfredo/Desktop/PROJECTS/DistributedRoboticsSystems_exercises/devel/lib/python2.7/dist-packages/dynamic_tutorials/msg/_Vel.py
Symlinking /home/alfredo/Desktop/PROJECTS/DistributedRoboticsSystems_exercises/devel/lib/python2.7/dist-packages/dynamic_tutorials/msg/__init__.py
Symlinking /home/alfredo/Desktop/PROJECTS/DistributedRoboticsSystems_exercises/devel/share/dynamic_tutorials/cmake/dynamic_tutorials-msg-paths.cmake
Symlinking /home/alfredo/Desktop/PROJECTS/DistributedRoboticsSystems_exercises/devel/share/dynamic_tutorials/cmake/dynamic_tutorialsConfig.cmake
Symlinking /home/alfredo/Desktop/PROJECTS/DistributedRoboticsSystems_exercises/devel/share/dynamic_tutorials/cmake/dynamic_tutorialsConfig-version.cmake
Symlinking /home/alfredo/Desktop/PROJECTS/DistributedRoboticsSystems_exercises/devel/share/dynamic_tutorials/cmake/dynamic_tutorials-msg-extras.cmake
Symlinking /home/alfredo/Desktop/PROJECTS/DistributedRoboticsSystems_exercises/devel/share/dynamic_tutorials/docs/TutorialsConfig.wikidoc
Symlinking /home/alfredo/Desktop/PROJECTS/DistributedRoboticsSystems_exercises/devel/share/dynamic_tutorials/docs/TutorialsConfig-usage.dox
Symlinking /home/alfredo/Desktop/PROJECTS/DistributedRoboticsSystems_exercises/devel/share/dynamic_tutorials/docs/TutorialsConfig.dox
Symlinking /home/alfredo/Desktop/PROJECTS/DistributedRoboticsSystems_exercises/devel/share/common-lisp/ros/dynamic_tutorials/msg/Vel.lisp
Symlinking /home/alfredo/Desktop/PROJECTS/DistributedRoboticsSystems_exercises/devel/share/common-lisp/ros/dynamic_tutorials/msg/_package.lisp
Symlinking /home/alfredo/Desktop/PROJECTS/DistributedRoboticsSystems_exercises/devel/share/common-lisp/ros/dynamic_tutorials/msg/_package_Vel.lisp
Symlinking /home/alfredo/Desktop/PROJECTS/DistributedRoboticsSystems_exercises/devel/share/common-lisp/ros/dynamic_tutorials/msg/dynamic_tutorials-msg.asd
Symlinking /home/alfredo/Desktop/PROJECTS/DistributedRoboticsSystems_exercises/devel/share/roseus/ros/dynamic_tutorials/manifest.l
Symlinking /home/alfredo/Desktop/PROJECTS/DistributedRoboticsSystems_exercises/devel/share/roseus/ros/dynamic_tutorials/msg/Vel.l
Symlinking /home/alfredo/Desktop/PROJECTS/DistributedRoboticsSystems_exercises/devel/share/gennodejs/ros/dynamic_tutorials/_index.js
Symlinking /home/alfredo/Desktop/PROJECTS/DistributedRoboticsSystems_exercises/devel/share/gennodejs/ros/dynamic_tutorials/msg/Vel.js
Symlinking /home/alfredo/Desktop/PROJECTS/DistributedRoboticsSystems_exercises/devel/share/gennodejs/ros/dynamic_tutorials/msg/_index.js
