[35m[1mScanning dependencies of target std_msgs_generate_messages_lisp[0m
[35m[1mScanning dependencies of target std_msgs_generate_messages_nodejs[0m
[35m[1mScanning dependencies of target _dynamic_tutorials_generate_messages_check_deps_Vel[0m
[35m[1mScanning dependencies of target std_msgs_generate_messages_py[0m
[35m[1mScanning dependencies of target std_msgs_generate_messages_eus[0m
[35m[1mScanning dependencies of target std_msgs_generate_messages_cpp[0m
[35m[1mScanning dependencies of target dynamic_tutorials_gencfg[0m
[  0%] Built target std_msgs_generate_messages_lisp
[  0%] Built target std_msgs_generate_messages_py
[  0%] Built target std_msgs_generate_messages_nodejs
[  0%] Built target std_msgs_generate_messages_eus
[ 10%] [34m[1mGenerating dynamic reconfigure files from cfg/Tutorials.cfg: /home/alfredo/Desktop/PROJECTS/DistributedRoboticsSystems_exercises/devel/.private/dynamic_tutorials/include/dynamic_tutorials/TutorialsConfig.h /home/alfredo/Desktop/PROJECTS/DistributedRoboticsSystems_exercises/devel/.private/dynamic_tutorials/lib/python2.7/dist-packages/dynamic_tutorials/cfg/TutorialsConfig.py[0m
[ 10%] Built target std_msgs_generate_messages_cpp
[ 10%] Built target _dynamic_tutorials_generate_messages_check_deps_Vel
[35m[1mScanning dependencies of target dynamic_tutorials_generate_messages_cpp[0m
[35m[1mScanning dependencies of target dynamic_tutorials_generate_messages_nodejs[0m
[35m[1mScanning dependencies of target dynamic_tutorials_generate_messages_lisp[0m
[35m[1mScanning dependencies of target dynamic_tutorials_generate_messages_eus[0m
[35m[1mScanning dependencies of target dynamic_tutorials_generate_messages_py[0m
Generating reconfiguration files for Tutorials in dynamic_tutorials
Wrote header file in /home/alfredo/Desktop/PROJECTS/DistributedRoboticsSystems_exercises/devel/.private/dynamic_tutorials/include/dynamic_tutorials/TutorialsConfig.h
[ 20%] [34m[1mGenerating Javascript code from dynamic_tutorials/Vel.msg[0m
[ 30%] [34m[1mGenerating C++ code from dynamic_tutorials/Vel.msg[0m
[ 40%] [34m[1mGenerating Lisp code from dynamic_tutorials/Vel.msg[0m
[ 50%] [34m[1mGenerating Python from MSG dynamic_tutorials/Vel[0m
[ 60%] [34m[1mGenerating EusLisp code from dynamic_tutorials/Vel.msg[0m
[ 70%] [34m[1mGenerating EusLisp manifest code for dynamic_tutorials[0m
[ 70%] Built target dynamic_tutorials_gencfg
[35m[1mScanning dependencies of target dynamic_tutorials_client[0m
[35m[1mScanning dependencies of target dynamic_tutorials_server[0m
[ 70%] Built target dynamic_tutorials_generate_messages_nodejs
[ 80%] [32m[1mLinking CMAKE_py_LINK_EXECUTABLE executable /home/alfredo/Desktop/PROJECTS/DistributedRoboticsSystems_exercises/devel/.private/dynamic_tutorials/lib/dynamic_tutorials/dynamic_tutorials_client[0m
[ 80%] Built target dynamic_tutorials_generate_messages_lisp
[ 90%] [32m[1mLinking CMAKE_py_LINK_EXECUTABLE executable /home/alfredo/Desktop/PROJECTS/DistributedRoboticsSystems_exercises/devel/.private/dynamic_tutorials/lib/dynamic_tutorials/dynamic_tutorials_server[0m
[ 90%] Built target dynamic_tutorials_client
[ 90%] Built target dynamic_tutorials_server
[100%] [34m[1mGenerating Python msg __init__.py for dynamic_tutorials[0m
[100%] Built target dynamic_tutorials_generate_messages_cpp
[100%] Built target dynamic_tutorials_generate_messages_py
[100%] Built target dynamic_tutorials_generate_messages_eus
[35m[1mScanning dependencies of target dynamic_tutorials_generate_messages[0m
[100%] Built target dynamic_tutorials_generate_messages
